/mnt/iag-02/home/hiromi/src/SST_merge/sst/lib/python3.12/site-packages/transformers/utils/hub.py:110: FutureWarning: Using `TRANSFORMERS_CACHE` is deprecated and will be removed in v5 of Transformers. Use `HF_HOME` instead.
  warnings.warn(
2025-12-23 13:08:14,977 - __main__ - INFO - 
================================================================================
2025-12-23 13:08:14,977 - __main__ - INFO - A5 (RepliQA-SPECIALIZED MODEL) CREATION
2025-12-23 13:08:14,977 - __main__ - INFO - ================================================================================
2025-12-23 13:08:14,977 - __main__ - INFO - 
Loading datasets...
2025-12-23 13:08:14,977 - src.utils.data_loader - INFO - Loading BeaverTails dataset (split=test)...
2025-12-23 13:08:18,235 - src.utils.data_loader - ERROR - Failed to load BeaverTails: Unknown split "test". Should be one of ['330k_train', '330k_test', '30k_train', '30k_test'].
2025-12-23 13:08:18,236 - src.utils.data_loader - INFO - Retrying with split: 30k_test
2025-12-23 13:08:19,471 - src.utils.data_loader - INFO - Loaded 2000 samples from BeaverTails
2025-12-23 13:08:19,471 - src.utils.data_loader - INFO - Created BeaverTails DataLoader: 2000 samples, batch_size=32
2025-12-23 13:08:19,471 - src.utils.data_loader - INFO - Loading MMLU dataset (subjects=all, split=test)...
2025-12-23 13:08:21,474 - src.utils.data_loader - INFO - Loaded 14042 samples from MMLU
2025-12-23 13:08:21,475 - src.utils.data_loader - INFO - Created MMLU DataLoader: 14042 samples, batch_size=32
2025-12-23 13:08:21,499 - src.utils.instruction_loaders - INFO - Loading RepliQA dataset (split=train)...
Generating repliqa_0 split:   0%|          | 0/17955 [00:00<?, ? examples/s]Generating repliqa_0 split:  39%|███▉      | 7000/17955 [00:00<00:00, 62460.38 examples/s]Generating repliqa_0 split: 100%|██████████| 17955/17955 [00:00<00:00, 91992.37 examples/s]
Generating repliqa_1 split:   0%|          | 0/17955 [00:00<?, ? examples/s]Generating repliqa_1 split:  56%|█████▌    | 10000/17955 [00:00<00:00, 94864.14 examples/s]Generating repliqa_1 split: 100%|██████████| 17955/17955 [00:00<00:00, 118856.60 examples/s]
Generating repliqa_2 split:   0%|          | 0/17955 [00:00<?, ? examples/s]Generating repliqa_2 split:  67%|██████▋   | 12000/17955 [00:00<00:00, 105191.58 examples/s]Generating repliqa_2 split: 100%|██████████| 17955/17955 [00:00<00:00, 122547.47 examples/s]
Generating repliqa_3 split:   0%|          | 0/17955 [00:00<?, ? examples/s]Generating repliqa_3 split:  61%|██████▏   | 11000/17955 [00:00<00:00, 99237.81 examples/s]Generating repliqa_3 split: 100%|██████████| 17955/17955 [00:00<00:00, 120241.36 examples/s]
Generating repliqa_4 split:   0%|          | 0/17950 [00:00<?, ? examples/s]Generating repliqa_4 split:  61%|██████▏   | 11000/17950 [00:00<00:00, 100549.07 examples/s]Generating repliqa_4 split: 100%|██████████| 17950/17950 [00:00<00:00, 123205.02 examples/s]
2025-12-23 13:08:59,319 - src.utils.instruction_loaders - ERROR - Failed to load RepliQA: Unknown split "train". Should be one of ['repliqa_0', 'repliqa_1', 'repliqa_2', 'repliqa_3', 'repliqa_4'].
Traceback (most recent call last):
  File "/mnt/iag-02/home/hiromi/src/SST_merge/experiments/create_instruction_model.py", line 295, in <module>
    main()
  File "/mnt/iag-02/home/hiromi/src/SST_merge/experiments/create_instruction_model.py", line 258, in main
    task_data = load_repliqa(
                ^^^^^^^^^^^^^
  File "/mnt/iag-02/home/hiromi/src/SST_merge/src/utils/instruction_loaders.py", line 132, in load_repliqa
    dataset = RepliQADataset(split=split, max_samples=max_samples, cache_dir=cache_dir)
              ^^^^^^^^^^^^^^^^^^^^^^^^^^^^^^^^^^^^^^^^^^^^^^^^^^^^^^^^^^^^^^^^^^^^^^^^^
  File "/mnt/iag-02/home/hiromi/src/SST_merge/src/utils/instruction_loaders.py", line 36, in __init__
    self.dataset = load_dataset(
                   ^^^^^^^^^^^^^
  File "/mnt/iag-02/home/hiromi/src/SST_merge/sst/lib/python3.12/site-packages/datasets/load.py", line 1524, in load_dataset
    ds = builder_instance.as_dataset(split=split, verification_mode=verification_mode, in_memory=keep_in_memory)
         ^^^^^^^^^^^^^^^^^^^^^^^^^^^^^^^^^^^^^^^^^^^^^^^^^^^^^^^^^^^^^^^^^^^^^^^^^^^^^^^^^^^^^^^^^^^^^^^^^^^^^^^
  File "/mnt/iag-02/home/hiromi/src/SST_merge/sst/lib/python3.12/site-packages/datasets/builder.py", line 1052, in as_dataset
    datasets = map_nested(
               ^^^^^^^^^^^
  File "/mnt/iag-02/home/hiromi/src/SST_merge/sst/lib/python3.12/site-packages/datasets/utils/py_utils.py", line 493, in map_nested
    mapped = function(data_struct)
             ^^^^^^^^^^^^^^^^^^^^^
  File "/mnt/iag-02/home/hiromi/src/SST_merge/sst/lib/python3.12/site-packages/datasets/builder.py", line 1082, in _build_single_dataset
    ds = self._as_dataset(
         ^^^^^^^^^^^^^^^^^
  File "/mnt/iag-02/home/hiromi/src/SST_merge/sst/lib/python3.12/site-packages/datasets/builder.py", line 1156, in _as_dataset
    dataset_kwargs = ArrowReader(cache_dir, self.info).read(
                     ^^^^^^^^^^^^^^^^^^^^^^^^^^^^^^^^^^^^^^^
  File "/mnt/iag-02/home/hiromi/src/SST_merge/sst/lib/python3.12/site-packages/datasets/arrow_reader.py", line 248, in read
    files = self.get_file_instructions(name, instructions, split_infos)
            ^^^^^^^^^^^^^^^^^^^^^^^^^^^^^^^^^^^^^^^^^^^^^^^^^^^^^^^^^^^
  File "/mnt/iag-02/home/hiromi/src/SST_merge/sst/lib/python3.12/site-packages/datasets/arrow_reader.py", line 221, in get_file_instructions
    file_instructions = make_file_instructions(
                        ^^^^^^^^^^^^^^^^^^^^^^^
  File "/mnt/iag-02/home/hiromi/src/SST_merge/sst/lib/python3.12/site-packages/datasets/arrow_reader.py", line 130, in make_file_instructions
    absolute_instructions = instruction.to_absolute(name2len)
                            ^^^^^^^^^^^^^^^^^^^^^^^^^^^^^^^^^
  File "/mnt/iag-02/home/hiromi/src/SST_merge/sst/lib/python3.12/site-packages/datasets/arrow_reader.py", line 620, in to_absolute
    return [_rel_to_abs_instr(rel_instr, name2len) for rel_instr in self._relative_instructions]
            ^^^^^^^^^^^^^^^^^^^^^^^^^^^^^^^^^^^^^^
  File "/mnt/iag-02/home/hiromi/src/SST_merge/sst/lib/python3.12/site-packages/datasets/arrow_reader.py", line 437, in _rel_to_abs_instr
    raise ValueError(f'Unknown split "{split}". Should be one of {list(name2len)}.')
ValueError: Unknown split "train". Should be one of ['repliqa_0', 'repliqa_1', 'repliqa_2', 'repliqa_3', 'repliqa_4'].
