/mnt/iag-02/home/hiromi/src/SST_merge/sst/lib/python3.12/site-packages/transformers/utils/hub.py:110: FutureWarning: Using `TRANSFORMERS_CACHE` is deprecated and will be removed in v5 of Transformers. Use `HF_HOME` instead.
  warnings.warn(
2025-12-22 22:49:22,724 - __main__ - INFO - 
================================================================================
2025-12-22 22:49:22,724 - __main__ - INFO - A3 (Math-SPECIALIZED MODEL) CREATION
2025-12-22 22:49:22,724 - __main__ - INFO - ================================================================================
2025-12-22 22:49:22,724 - __main__ - INFO - 
Loading datasets...
2025-12-22 22:49:22,724 - src.utils.data_loader - INFO - Loading BeaverTails dataset (split=test)...
2025-12-22 22:49:25,479 - src.utils.data_loader - ERROR - Failed to load BeaverTails: Unknown split "test". Should be one of ['330k_train', '330k_test', '30k_train', '30k_test'].
2025-12-22 22:49:25,479 - src.utils.data_loader - INFO - Retrying with split: 30k_test
2025-12-22 22:49:27,089 - src.utils.data_loader - INFO - Loaded 2000 samples from BeaverTails
2025-12-22 22:49:27,089 - src.utils.data_loader - INFO - Created BeaverTails DataLoader: 2000 samples, batch_size=32
2025-12-22 22:49:27,090 - src.utils.data_loader - INFO - Loading MMLU dataset (subjects=all, split=test)...
2025-12-22 22:49:29,421 - src.utils.data_loader - INFO - Loaded 14042 samples from MMLU
2025-12-22 22:49:29,422 - src.utils.data_loader - INFO - Created MMLU DataLoader: 14042 samples, batch_size=32
2025-12-22 22:49:29,422 - src.utils.task_specific_loaders - INFO - Loading GSM8K dataset (split=train)...
2025-12-22 22:49:32,698 - src.utils.task_specific_loaders - INFO - Loaded 7473 samples from GSM8K
2025-12-22 22:49:32,698 - src.utils.task_specific_loaders - INFO - Loading MATH dataset (split=train)...
2025-12-22 22:49:32,887 - src.utils.task_specific_loaders - ERROR - Failed to load MATH: Dataset 'lighteval/MATH' doesn't exist on the Hub or cannot be accessed.
Traceback (most recent call last):
  File "/mnt/iag-02/home/hiromi/src/SST_merge/experiments/create_task_specific_model.py", line 294, in <module>
    main()
  File "/mnt/iag-02/home/hiromi/src/SST_merge/experiments/create_task_specific_model.py", line 257, in main
    task_data = load_combined_math(
                ^^^^^^^^^^^^^^^^^^^
  File "/mnt/iag-02/home/hiromi/src/SST_merge/src/utils/task_specific_loaders.py", line 217, in load_combined_math
    math_dataset = MATHDataset(split=split, max_samples=max_samples_math, cache_dir=cache_dir)
                   ^^^^^^^^^^^^^^^^^^^^^^^^^^^^^^^^^^^^^^^^^^^^^^^^^^^^^^^^^^^^^^^^^^^^^^^^^^^
  File "/mnt/iag-02/home/hiromi/src/SST_merge/src/utils/task_specific_loaders.py", line 85, in __init__
    self.dataset = load_dataset(
                   ^^^^^^^^^^^^^
  File "/mnt/iag-02/home/hiromi/src/SST_merge/sst/lib/python3.12/site-packages/datasets/load.py", line 1492, in load_dataset
    builder_instance = load_dataset_builder(
                       ^^^^^^^^^^^^^^^^^^^^^
  File "/mnt/iag-02/home/hiromi/src/SST_merge/sst/lib/python3.12/site-packages/datasets/load.py", line 1137, in load_dataset_builder
    dataset_module = dataset_module_factory(
                     ^^^^^^^^^^^^^^^^^^^^^^^
  File "/mnt/iag-02/home/hiromi/src/SST_merge/sst/lib/python3.12/site-packages/datasets/load.py", line 1030, in dataset_module_factory
    raise e1 from None
  File "/mnt/iag-02/home/hiromi/src/SST_merge/sst/lib/python3.12/site-packages/datasets/load.py", line 985, in dataset_module_factory
    raise DatasetNotFoundError(f"Dataset '{path}' doesn't exist on the Hub or cannot be accessed.") from e
datasets.exceptions.DatasetNotFoundError: Dataset 'lighteval/MATH' doesn't exist on the Hub or cannot be accessed.
