/mnt/iag-02/home/hiromi/src/SST_merge/sst/lib/python3.12/site-packages/transformers/utils/hub.py:110: FutureWarning: Using `TRANSFORMERS_CACHE` is deprecated and will be removed in v5 of Transformers. Use `HF_HOME` instead.
  warnings.warn(
2025-12-22 22:46:03,166 - __main__ - INFO - 
================================================================================
2025-12-22 22:46:03,166 - __main__ - INFO - A3 (Math-SPECIALIZED MODEL) CREATION
2025-12-22 22:46:03,166 - __main__ - INFO - ================================================================================
2025-12-22 22:46:03,166 - __main__ - INFO - 
Loading datasets...
2025-12-22 22:46:03,166 - src.utils.data_loader - INFO - Loading BeaverTails dataset (split=test)...
2025-12-22 22:46:07,538 - src.utils.data_loader - ERROR - Failed to load BeaverTails: Unknown split "test". Should be one of ['330k_train', '330k_test', '30k_train', '30k_test'].
2025-12-22 22:46:07,538 - src.utils.data_loader - INFO - Retrying with split: 30k_test
2025-12-22 22:46:08,763 - src.utils.data_loader - INFO - Loaded 2000 samples from BeaverTails
2025-12-22 22:46:08,764 - src.utils.data_loader - INFO - Created BeaverTails DataLoader: 2000 samples, batch_size=32
2025-12-22 22:46:08,764 - src.utils.data_loader - INFO - Loading MMLU dataset (subjects=all, split=test)...
2025-12-22 22:46:10,748 - src.utils.data_loader - INFO - Loaded 14042 samples from MMLU
2025-12-22 22:46:10,749 - src.utils.data_loader - INFO - Created MMLU DataLoader: 14042 samples, batch_size=32
2025-12-22 22:46:10,749 - src.utils.task_specific_loaders - INFO - Loading GSM8K dataset (split=train)...
Generating train split:   0%|          | 0/7473 [00:00<?, ? examples/s]Generating train split: 100%|██████████| 7473/7473 [00:00<00:00, 404925.06 examples/s]
Generating test split:   0%|          | 0/1319 [00:00<?, ? examples/s]Generating test split: 100%|██████████| 1319/1319 [00:00<00:00, 402670.28 examples/s]
2025-12-22 22:46:16,819 - src.utils.task_specific_loaders - INFO - Loaded 7473 samples from GSM8K
2025-12-22 22:46:16,819 - src.utils.task_specific_loaders - INFO - Loading MATH dataset (split=train)...
2025-12-22 22:46:16,994 - src.utils.task_specific_loaders - ERROR - Failed to load MATH: Couldn't find any data file at /mnt/iag-02/home/hiromi/src/SST_merge/hendrycks/competition_math. Couldn't find 'hendrycks/competition_math' on the Hugging Face Hub either: LocalEntryNotFoundError: An error happened while trying to locate the file on the Hub and we cannot find the requested files in the local cache. Please check your connection and try again or make sure your Internet connection is on.
Traceback (most recent call last):
  File "/mnt/iag-02/home/hiromi/src/SST_merge/experiments/create_task_specific_model.py", line 294, in <module>
    main()
  File "/mnt/iag-02/home/hiromi/src/SST_merge/experiments/create_task_specific_model.py", line 257, in main
    task_data = load_combined_math(
                ^^^^^^^^^^^^^^^^^^^
  File "/mnt/iag-02/home/hiromi/src/SST_merge/src/utils/task_specific_loaders.py", line 217, in load_combined_math
    math_dataset = MATHDataset(split=split, max_samples=max_samples_math, cache_dir=cache_dir)
                   ^^^^^^^^^^^^^^^^^^^^^^^^^^^^^^^^^^^^^^^^^^^^^^^^^^^^^^^^^^^^^^^^^^^^^^^^^^^
  File "/mnt/iag-02/home/hiromi/src/SST_merge/src/utils/task_specific_loaders.py", line 85, in __init__
    self.dataset = load_dataset(
                   ^^^^^^^^^^^^^
  File "/mnt/iag-02/home/hiromi/src/SST_merge/sst/lib/python3.12/site-packages/datasets/load.py", line 1492, in load_dataset
    builder_instance = load_dataset_builder(
                       ^^^^^^^^^^^^^^^^^^^^^
  File "/mnt/iag-02/home/hiromi/src/SST_merge/sst/lib/python3.12/site-packages/datasets/load.py", line 1137, in load_dataset_builder
    dataset_module = dataset_module_factory(
                     ^^^^^^^^^^^^^^^^^^^^^^^
  File "/mnt/iag-02/home/hiromi/src/SST_merge/sst/lib/python3.12/site-packages/datasets/load.py", line 1032, in dataset_module_factory
    raise FileNotFoundError(
FileNotFoundError: Couldn't find any data file at /mnt/iag-02/home/hiromi/src/SST_merge/hendrycks/competition_math. Couldn't find 'hendrycks/competition_math' on the Hugging Face Hub either: LocalEntryNotFoundError: An error happened while trying to locate the file on the Hub and we cannot find the requested files in the local cache. Please check your connection and try again or make sure your Internet connection is on.
